
**** Build of configuration Debug for project Lab6_UsingAnOS ****

"C:\\ti\\ccsv6\\utils\\bin\\gmake" -k all 
'Building file: ../PMOS.c'
'Invoking: MSP430 Compiler'
"C:/ti/ccsv6/tools/compiler/ti-cgt-msp430_15.12.1.LTS/bin/cl430" -vmspx --data_model=restricted --use_hw_mpy=F5 --include_path="C:/ti/ccsv6/ccs_base/msp430/include" --include_path="D:/Junior Year/ECE422/Lab6_UsingAnOS" --include_path="C:/ti/ccsv6/tools/compiler/ti-cgt-msp430_15.12.1.LTS/include" --advice:power=all --advice:hw_config=all -g --define=__MSP430FR6989__ --define=_MPU_ENABLE --diag_warning=225 --display_error_number --diag_wrap=off --silicon_errata=CPU21 --silicon_errata=CPU22 --silicon_errata=CPU40 --printf_support=minimal --preproc_with_compile --preproc_dependency="PMOS.d"  "../PMOS.c"
'Finished building: ../PMOS.c'
' '
'Building file: ../TASKS.c'
'Invoking: MSP430 Compiler'
"C:/ti/ccsv6/tools/compiler/ti-cgt-msp430_15.12.1.LTS/bin/cl430" -vmspx --data_model=restricted --use_hw_mpy=F5 --include_path="C:/ti/ccsv6/ccs_base/msp430/include" --include_path="D:/Junior Year/ECE422/Lab6_UsingAnOS" --include_path="C:/ti/ccsv6/tools/compiler/ti-cgt-msp430_15.12.1.LTS/include" --advice:power=all --advice:hw_config=all -g --define=__MSP430FR6989__ --define=_MPU_ENABLE --diag_warning=225 --display_error_number --diag_wrap=off --silicon_errata=CPU21 --silicon_errata=CPU22 --silicon_errata=CPU40 --printf_support=minimal --preproc_with_compile --preproc_dependency="TASKS.d"  "../TASKS.c"
"../TASKS.c", line 40: warning #515-D: a value of type "unsigned short *" cannot be assigned to an entity of type "unsigned short"
"../TASKS.c", line 41: warning #515-D: a value of type "unsigned short *" cannot be assigned to an entity of type "unsigned short"
"../TASKS.c", line 42: warning #515-D: a value of type "unsigned short *" cannot be assigned to an entity of type "unsigned short"
"../TASKS.c", line 43: warning #515-D: a value of type "unsigned short *" cannot be assigned to an entity of type "unsigned short"
"../TASKS.c", line 44: warning #515-D: a value of type "unsigned short *" cannot be assigned to an entity of type "unsigned short"
"../TASKS.c", line 47: warning #515-D: a value of type "int (*)(void)" cannot be assigned to an entity of type "unsigned short"
"../TASKS.c", line 51: warning #515-D: a value of type "int (*)(void)" cannot be assigned to an entity of type "unsigned short"
"../TASKS.c", line 90: warning #112-D: statement is unreachable
"../TASKS.c", line 126: warning #112-D: statement is unreachable
"D:/Junior Year/ECE422/Lab6_UsingAnOS/TASKS.h", line 26: remark #1535-D: (ULP 8.1) variable "NumTasks" is used as a constant. Recommend declaring variable as either 'static const' or 'const'
'Finished building: ../TASKS.c'
' '
'Building file: ../main.c'
'Invoking: MSP430 Compiler'
"C:/ti/ccsv6/tools/compiler/ti-cgt-msp430_15.12.1.LTS/bin/cl430" -vmspx --data_model=restricted --use_hw_mpy=F5 --include_path="C:/ti/ccsv6/ccs_base/msp430/include" --include_path="D:/Junior Year/ECE422/Lab6_UsingAnOS" --include_path="C:/ti/ccsv6/tools/compiler/ti-cgt-msp430_15.12.1.LTS/include" --advice:power=all --advice:hw_config=all -g --define=__MSP430FR6989__ --define=_MPU_ENABLE --diag_warning=225 --display_error_number --diag_wrap=off --silicon_errata=CPU21 --silicon_errata=CPU22 --silicon_errata=CPU40 --printf_support=minimal --preproc_with_compile --preproc_dependency="main.d"  "../main.c"
'Finished building: ../main.c'
' '
'Building target: Lab6_UsingAnOS.out'
'Invoking: MSP430 Linker'
"C:/ti/ccsv6/tools/compiler/ti-cgt-msp430_15.12.1.LTS/bin/cl430" -vmspx --data_model=restricted --use_hw_mpy=F5 --advice:power=all --advice:hw_config=all -g --define=__MSP430FR6989__ --define=_MPU_ENABLE --diag_warning=225 --display_error_number --diag_wrap=off --silicon_errata=CPU21 --silicon_errata=CPU22 --silicon_errata=CPU40 --printf_support=minimal -z -m"Lab6_UsingAnOS.map" --heap_size=160 --stack_size=160 --cinit_hold_wdt=on -i"C:/ti/ccsv6/ccs_base/msp430/include" -i"C:/ti/ccsv6/ccs_base/msp430/lib/5xx_6xx_FRxx" -i"C:/ti/ccsv6/ccs_base/msp430/lib/FR59xx" -i"C:/ti/ccsv6/tools/compiler/ti-cgt-msp430_15.12.1.LTS/lib" -i"C:/ti/ccsv6/tools/compiler/ti-cgt-msp430_15.12.1.LTS/include" --reread_libs --priority --define=_MPU_ENABLE --display_error_number --warn_sections --diag_wrap=off --xml_link_info="Lab6_UsingAnOS_linkInfo.xml" --use_hw_mpy=F5 --rom_model -o "Lab6_UsingAnOS.out" "./PMOS.obj" "./TASKS.obj" "./main.obj" "../lnk_msp430fr6989.cmd"  -llibmpu_init.a -llibmath.a -llibc.a 
<Linking>
remark #10372-D: (ULP 4.1) Detected uninitialized Port A in this project. Recommend initializing all unused ports to eliminate wasted current consumption on unused pins.
remark #10372-D: (ULP 4.1) Detected uninitialized Port B in this project. Recommend initializing all unused ports to eliminate wasted current consumption on unused pins.
remark #10372-D: (ULP 4.1) Detected uninitialized Port C in this project. Recommend initializing all unused ports to eliminate wasted current consumption on unused pins.
remark #10372-D: (ULP 4.1) Detected uninitialized Port D in this project. Recommend initializing all unused ports to eliminate wasted current consumption on unused pins.
remark #10372-D: (ULP 4.1) Detected uninitialized Port E in this project. Recommend initializing all unused ports to eliminate wasted current consumption on unused pins.
'Finished building target: Lab6_UsingAnOS.out'
' '

**** Build Finished ****

**** Build of configuration Debug for project Lab6_UsingAnOS ****

"C:\\ti\\ccsv6\\utils\\bin\\gmake" -k all 
gmake: Nothing to be done for 'all'.

**** Build Finished ****
