
**** Build of configuration Debug for project Keypad_Assign4 ****

"C:\\ti\\ccsv6\\utils\\bin\\gmake" -k all 
'Building file: ../main.c'
'Invoking: MSP430 Compiler'
"C:/ti/ccsv6/tools/compiler/ti-cgt-msp430_15.12.1.LTS/bin/cl430" -vmspx --data_model=restricted --use_hw_mpy=F5 --include_path="C:/ti/ccsv6/ccs_base/msp430/include" --include_path="C:/ti/ccsv6/tools/compiler/ti-cgt-msp430_15.12.1.LTS/include" --advice:power=all --advice:hw_config=all -g --define=__MSP430FR6989__ --diag_warning=225 --display_error_number --diag_wrap=off --silicon_errata=CPU21 --silicon_errata=CPU22 --silicon_errata=CPU40 --printf_support=minimal --preproc_with_compile --preproc_dependency="main.d"  "../main.c"
"../main.c", line 37: remark #1544-D: (ULP 13.1) Detected loop counting up. Recommend loops count down as detecting zeros is easier
"../main.c", line 37: remark #1527-D: (ULP 2.1) Detected SW delay loop using empty loop. Recommend using a timer module instead
"../main.c", line 8: remark #1535-D: (ULP 8.1) variable "var2" is used as a constant. Recommend declaring variable as either 'static const' or 'const'
"../main.c", line 9: remark #1535-D: (ULP 8.1) variable "btnPres" is used as a constant. Recommend declaring variable as either 'static const' or 'const'
'Finished building: ../main.c'
' '
'Building target: Keypad_Assign4.out'
'Invoking: MSP430 Linker'
"C:/ti/ccsv6/tools/compiler/ti-cgt-msp430_15.12.1.LTS/bin/cl430" -vmspx --data_model=restricted --use_hw_mpy=F5 --advice:power=all --advice:hw_config=all -g --define=__MSP430FR6989__ --diag_warning=225 --display_error_number --diag_wrap=off --silicon_errata=CPU21 --silicon_errata=CPU22 --silicon_errata=CPU40 --printf_support=minimal -z -m"Keypad_Assign4.map" --heap_size=160 --stack_size=160 --cinit_hold_wdt=on -i"C:/ti/ccsv6/ccs_base/msp430/include" -i"C:/ti/ccsv6/ccs_base/msp430/lib/5xx_6xx_FRxx" -i"C:/ti/ccsv6/ccs_base/msp430/lib/FR59xx" -i"C:/ti/ccsv6/tools/compiler/ti-cgt-msp430_15.12.1.LTS/lib" -i"C:/ti/ccsv6/tools/compiler/ti-cgt-msp430_15.12.1.LTS/include" --reread_libs --priority --display_error_number --warn_sections --diag_wrap=off --xml_link_info="Keypad_Assign4_linkInfo.xml" --use_hw_mpy=F5 --rom_model -o "Keypad_Assign4.out" "./main.obj" "./mylib.obj" "./mylib_msp430.obj" "../lnk_msp430fr6989.cmd"  -llibmath.a -llibc.a 
<Linking>
remark #10372-D: (ULP 4.1) Detected uninitialized Port A in this project. Recommend initializing all unused ports to eliminate wasted current consumption on unused pins.
remark #10372-D: (ULP 4.1) Detected uninitialized Port B in this project. Recommend initializing all unused ports to eliminate wasted current consumption on unused pins.
remark #10372-D: (ULP 4.1) Detected uninitialized Port C in this project. Recommend initializing all unused ports to eliminate wasted current consumption on unused pins.
remark #10372-D: (ULP 4.1) Detected uninitialized Port D in this project. Recommend initializing all unused ports to eliminate wasted current consumption on unused pins.
remark #10372-D: (ULP 4.1) Detected uninitialized Port E in this project. Recommend initializing all unused ports to eliminate wasted current consumption on unused pins.
'Finished building target: Keypad_Assign4.out'
' '

**** Build Finished ****
