
**** Build of configuration Debug for project Lab4_Take2_RNG ****

"C:\\ti\\ccsv6\\utils\\bin\\gmake" -k all 
'Building file: ../main.c'
'Invoking: MSP430 Compiler'
"C:/ti/ccsv6/tools/compiler/ti-cgt-msp430_15.12.1.LTS/bin/cl430" -vmspx --data_model=restricted --use_hw_mpy=F5 --include_path="D:/Junior Year/ECE422/Lab4_Take2_RNG/driverlib/MSP430FR5xx_6xx" --include_path="C:/ti/ccsv6/ccs_base/msp430/include" --include_path="C:/ti/ccsv6/tools/compiler/ti-cgt-msp430_15.12.1.LTS/include" --advice:power=all --advice:hw_config=all -g --define=__MSP430FR6989__ --diag_warning=225 --display_error_number --diag_wrap=off --silicon_errata=CPU21 --silicon_errata=CPU22 --silicon_errata=CPU40 --printf_support=minimal --preproc_with_compile --preproc_dependency="main.d"  "../main.c"
"../main.c", line 37: remark #1530-D: (ULP 5.1) Detected modulo operation(s). Recommend moving them to RAM during run time or not using as these are processing/power intensive
"../main.c", line 50: warning #179-D: variable "numDice" was declared but never referenced
"../main.c", line 50: warning #179-D: variable "numSides" was declared but never referenced
"../main.c", line 57: remark #1530-D: (ULP 5.1) Detected divide operation(s). Recommend moving them to RAM during run time or not using as these are processing/power intensive
"../main.c", line 50: remark #1535-D: (ULP 8.1) variable "numDice" is used as a constant. Recommend declaring variable as either 'static const' or 'const'
"../main.c", line 50: remark #1535-D: (ULP 8.1) variable "numSides" is used as a constant. Recommend declaring variable as either 'static const' or 'const'
'Finished building: ../main.c'
' '
'Building target: Lab4_Take2_RNG.out'
'Invoking: MSP430 Linker'
"C:/ti/ccsv6/tools/compiler/ti-cgt-msp430_15.12.1.LTS/bin/cl430" -vmspx --data_model=restricted --use_hw_mpy=F5 --advice:power=all --advice:hw_config=all -g --define=__MSP430FR6989__ --diag_warning=225 --display_error_number --diag_wrap=off --silicon_errata=CPU21 --silicon_errata=CPU22 --silicon_errata=CPU40 --printf_support=minimal -z -m"Lab4_Take2_RNG.map" --heap_size=160 --stack_size=160 --cinit_hold_wdt=on -i"C:/ti/ccsv6/ccs_base/msp430/include" -i"C:/ti/ccsv6/ccs_base/msp430/lib/5xx_6xx_FRxx" -i"C:/ti/ccsv6/ccs_base/msp430/lib/FR59xx" -i"C:/ti/ccsv6/tools/compiler/ti-cgt-msp430_15.12.1.LTS/lib" -i"C:/ti/ccsv6/tools/compiler/ti-cgt-msp430_15.12.1.LTS/include" --reread_libs --priority --display_error_number --warn_sections --diag_wrap=off --xml_link_info="Lab4_Take2_RNG_linkInfo.xml" --use_hw_mpy=F5 --rom_model -o "Lab4_Take2_RNG.out" "./main.obj" "./myClocksWithCrystals.obj" "./myGpio.obj" "./myLcd.obj" "./driverlib/MSP430FR5xx_6xx/adc12_b.obj" "./driverlib/MSP430FR5xx_6xx/aes256.obj" "./driverlib/MSP430FR5xx_6xx/comp_e.obj" "./driverlib/MSP430FR5xx_6xx/crc.obj" "./driverlib/MSP430FR5xx_6xx/crc32.obj" "./driverlib/MSP430FR5xx_6xx/cs.obj" "./driverlib/MSP430FR5xx_6xx/dma.obj" "./driverlib/MSP430FR5xx_6xx/esi.obj" "./driverlib/MSP430FR5xx_6xx/eusci_a_spi.obj" "./driverlib/MSP430FR5xx_6xx/eusci_a_uart.obj" "./driverlib/MSP430FR5xx_6xx/eusci_b_i2c.obj" "./driverlib/MSP430FR5xx_6xx/eusci_b_spi.obj" "./driverlib/MSP430FR5xx_6xx/framctl.obj" "./driverlib/MSP430FR5xx_6xx/gpio.obj" "./driverlib/MSP430FR5xx_6xx/lcd_c.obj" "./driverlib/MSP430FR5xx_6xx/mpu.obj" "./driverlib/MSP430FR5xx_6xx/mpy32.obj" "./driverlib/MSP430FR5xx_6xx/pmm.obj" "./driverlib/MSP430FR5xx_6xx/ram.obj" "./driverlib/MSP430FR5xx_6xx/ref_a.obj" "./driverlib/MSP430FR5xx_6xx/rtc_b.obj" "./driverlib/MSP430FR5xx_6xx/rtc_c.obj" "./driverlib/MSP430FR5xx_6xx/sfr.obj" "./driverlib/MSP430FR5xx_6xx/sysctl.obj" "./driverlib/MSP430FR5xx_6xx/timer_a.obj" "./driverlib/MSP430FR5xx_6xx/timer_b.obj" "./driverlib/MSP430FR5xx_6xx/tlv.obj" "./driverlib/MSP430FR5xx_6xx/wdt_a.obj" "../lnk_msp430fr6989.cmd"  -llibmath.a -llibc.a 
<Linking>
remark #10372-D: (ULP 4.1) Detected uninitialized Port A in this project. Recommend initializing all unused ports to eliminate wasted current consumption on unused pins.
remark #10372-D: (ULP 4.1) Detected uninitialized Port B in this project. Recommend initializing all unused ports to eliminate wasted current consumption on unused pins.
remark #10372-D: (ULP 4.1) Detected uninitialized Port C in this project. Recommend initializing all unused ports to eliminate wasted current consumption on unused pins.
remark #10372-D: (ULP 4.1) Detected uninitialized Port D in this project. Recommend initializing all unused ports to eliminate wasted current consumption on unused pins.
remark #10372-D: (ULP 4.1) Detected uninitialized Port E in this project. Recommend initializing all unused ports to eliminate wasted current consumption on unused pins.
'Finished building target: Lab4_Take2_RNG.out'
' '

**** Build Finished ****
